TN:
SF:db.js
FN:14,(anonymous_0)
FNF:1
FNH:1
FNDA:1,(anonymous_0)
DA:1,1
DA:2,1
DA:4,1
DA:5,1
DA:6,1
DA:14,1
DA:15,1
DA:16,0
DA:18,1
DA:22,1
LF:10
LH:9
BRDA:15,0,0,0
BRDA:15,0,1,1
BRF:2
BRH:1
end_of_record
TN:
SF:server.js
FN:22,(anonymous_0)
FNF:1
FNH:0
FNDA:0,(anonymous_0)
DA:1,1
DA:2,1
DA:3,1
DA:4,1
DA:5,1
DA:6,1
DA:8,1
DA:9,1
DA:13,1
DA:16,1
DA:18,1
DA:19,1
DA:21,1
DA:22,0
DA:23,0
DA:28,1
LF:16
LH:14
BRDA:16,0,0,1
BRDA:16,0,1,0
BRDA:21,1,0,0
BRDA:21,1,1,1
BRF:4
BRH:2
end_of_record
TN:
SF:controllers\requestController.js
FN:3,(anonymous_0)
FN:4,(anonymous_1)
FN:12,(anonymous_2)
FN:20,(anonymous_3)
FN:35,(anonymous_4)
FN:44,(anonymous_5)
FN:59,(anonymous_6)
FN:71,(anonymous_7)
FN:79,(anonymous_8)
FN:88,(anonymous_9)
FN:102,(anonymous_10)
FN:103,(anonymous_11)
FN:113,(anonymous_12)
FN:116,(anonymous_13)
FN:125,(anonymous_14)
FN:126,(anonymous_15)
FNF:16
FNH:6
FNDA:1,(anonymous_0)
FNDA:1,(anonymous_1)
FNDA:1,(anonymous_2)
FNDA:1,(anonymous_3)
FNDA:0,(anonymous_4)
FNDA:0,(anonymous_5)
FNDA:0,(anonymous_6)
FNDA:0,(anonymous_7)
FNDA:0,(anonymous_8)
FNDA:0,(anonymous_9)
FNDA:0,(anonymous_10)
FNDA:0,(anonymous_11)
FNDA:0,(anonymous_12)
FNDA:0,(anonymous_13)
FNDA:1,(anonymous_14)
FNDA:1,(anonymous_15)
DA:1,1
DA:3,1
DA:4,1
DA:5,1
DA:6,0
DA:8,1
DA:12,1
DA:13,1
DA:15,1
DA:16,0
DA:20,1
DA:21,1
DA:22,0
DA:27,1
DA:28,0
DA:31,1
DA:35,1
DA:36,0
DA:38,0
DA:39,0
DA:44,0
DA:45,0
DA:46,0
DA:51,0
DA:52,0
DA:55,0
DA:59,1
DA:60,0
DA:61,0
DA:62,0
DA:64,0
DA:71,0
DA:72,0
DA:73,0
DA:74,0
DA:77,0
DA:79,0
DA:80,0
DA:88,0
DA:89,0
DA:90,0
DA:95,0
DA:98,0
DA:99,0
DA:102,1
DA:103,0
DA:104,0
DA:105,0
DA:109,0
DA:113,1
DA:114,0
DA:116,0
DA:117,0
DA:118,0
DA:122,0
DA:125,1
DA:126,1
DA:127,1
DA:128,0
DA:132,1
LF:60
LH:20
BRDA:5,0,0,0
BRDA:5,0,1,1
BRDA:15,1,0,0
BRDA:15,1,1,1
BRDA:15,2,0,1
BRDA:15,2,1,1
BRDA:21,3,0,0
BRDA:21,3,1,1
BRDA:27,4,0,0
BRDA:27,4,1,1
BRDA:38,5,0,0
BRDA:38,5,1,0
BRDA:38,6,0,0
BRDA:38,6,1,0
BRDA:45,7,0,0
BRDA:45,7,1,0
BRDA:51,8,0,0
BRDA:51,8,1,0
BRDA:72,9,0,0
BRDA:72,9,1,0
BRDA:89,10,0,0
BRDA:89,10,1,0
BRDA:104,11,0,0
BRDA:104,11,1,0
BRDA:117,12,0,0
BRDA:117,12,1,0
BRDA:127,13,0,0
BRDA:127,13,1,1
BRF:28
BRH:7
end_of_record
TN:
SF:controllers\userController.js
FN:5,(anonymous_0)
FN:8,(anonymous_1)
FN:12,(anonymous_2)
FN:23,(anonymous_3)
FN:34,(anonymous_4)
FN:35,(anonymous_5)
FN:43,(anonymous_6)
FN:47,(anonymous_7)
FN:87,(anonymous_8)
FN:101,(anonymous_9)
FN:105,(anonymous_10)
FN:115,(anonymous_11)
FNF:12
FNH:6
FNDA:1,(anonymous_0)
FNDA:1,(anonymous_1)
FNDA:0,(anonymous_2)
FNDA:0,(anonymous_3)
FNDA:2,(anonymous_4)
FNDA:2,(anonymous_5)
FNDA:1,(anonymous_6)
FNDA:1,(anonymous_7)
FNDA:0,(anonymous_8)
FNDA:0,(anonymous_9)
FNDA:0,(anonymous_10)
FNDA:0,(anonymous_11)
DA:1,1
DA:2,1
DA:3,1
DA:5,1
DA:6,1
DA:7,1
DA:8,1
DA:9,1
DA:10,1
DA:12,0
DA:13,0
DA:15,0
DA:23,0
DA:24,0
DA:25,0
DA:30,0
DA:34,1
DA:35,2
DA:36,2
DA:37,0
DA:39,2
DA:43,1
DA:44,1
DA:46,1
DA:47,1
DA:48,1
DA:49,0
DA:50,0
DA:53,1
DA:54,1
DA:57,0
DA:59,0
DA:61,0
DA:62,0
DA:65,0
DA:77,0
DA:82,0
DA:83,0
DA:87,1
DA:88,0
DA:89,0
DA:90,0
DA:91,0
DA:93,0
DA:94,0
DA:96,0
DA:97,0
DA:101,1
DA:102,0
DA:104,0
DA:105,0
DA:106,0
DA:107,0
DA:108,0
DA:110,0
DA:111,0
DA:114,0
DA:115,0
DA:116,0
DA:117,0
DA:118,0
DA:123,0
DA:130,0
DA:131,0
LF:64
LH:22
BRDA:9,0,0,1
BRDA:9,0,1,0
BRDA:13,1,0,0
BRDA:13,1,1,0
BRDA:24,2,0,0
BRDA:24,2,1,0
BRDA:36,3,0,0
BRDA:36,3,1,2
BRDA:48,4,0,0
BRDA:48,4,1,1
BRDA:53,5,0,1
BRDA:53,5,1,0
BRDA:61,6,0,0
BRDA:61,6,1,0
BRDA:90,7,0,0
BRDA:90,7,1,0
BRDA:106,8,0,0
BRDA:106,8,1,0
BRDA:110,9,0,0
BRDA:110,9,1,0
BRDA:114,10,0,0
BRDA:114,10,1,0
BRDA:116,11,0,0
BRDA:116,11,1,0
BRF:24
BRH:4
end_of_record
TN:
SF:middleware\verifyToken.js
FN:3,(anonymous_0)
FN:7,(anonymous_1)
FNF:2
FNH:1
FNDA:2,(anonymous_0)
FNDA:0,(anonymous_1)
DA:1,1
DA:3,1
DA:4,2
DA:5,2
DA:7,0
DA:8,0
DA:9,0
DA:10,0
DA:14,1
LF:9
LH:5
BRDA:5,0,0,2
BRDA:5,0,1,0
BRDA:8,1,0,0
BRDA:8,1,1,0
BRF:4
BRH:1
end_of_record
TN:
SF:models\requestModel.js
FN:4,(anonymous_0)
FN:32,(anonymous_1)
FN:52,(anonymous_2)
FN:57,(anonymous_3)
FN:62,(anonymous_4)
FN:76,(anonymous_5)
FN:90,(anonymous_6)
FN:118,(anonymous_7)
FNF:8
FNH:3
FNDA:1,(anonymous_0)
FNDA:0,(anonymous_1)
FNDA:1,(anonymous_2)
FNDA:0,(anonymous_3)
FNDA:0,(anonymous_4)
FNDA:0,(anonymous_5)
FNDA:0,(anonymous_6)
FNDA:1,(anonymous_7)
DA:1,1
DA:3,1
DA:5,1
DA:29,1
DA:33,0
DA:49,0
DA:53,1
DA:54,1
DA:58,0
DA:59,0
DA:63,0
DA:64,0
DA:77,0
DA:78,0
DA:91,0
DA:116,0
DA:119,1
DA:136,1
DA:140,1
LF:19
LH:9
BRF:0
BRH:0
end_of_record
TN:
SF:models\userModel.js
FN:4,(anonymous_0)
FN:9,(anonymous_1)
FN:14,(anonymous_2)
FN:19,(anonymous_3)
FN:21,(anonymous_4)
FN:27,(anonymous_5)
FNF:6
FNH:2
FNDA:0,(anonymous_0)
FNDA:2,(anonymous_1)
FNDA:2,(anonymous_2)
FNDA:0,(anonymous_3)
FNDA:0,(anonymous_4)
FNDA:0,(anonymous_5)
DA:1,1
DA:3,1
DA:5,0
DA:6,0
DA:10,2
DA:11,2
DA:15,2
DA:16,2
DA:20,0
DA:21,0
DA:22,0
DA:23,0
DA:28,0
DA:29,0
DA:33,1
LF:15
LH:7
BRDA:22,0,0,0
BRDA:22,0,1,0
BRF:2
BRH:0
end_of_record
TN:
SF:routes\requestRoutes.js
FNF:0
FNH:0
DA:1,1
DA:2,1
DA:3,1
DA:4,1
DA:6,1
DA:7,1
DA:8,1
DA:9,1
DA:10,1
DA:11,1
DA:12,1
LF:11
LH:11
BRF:0
BRH:0
end_of_record
TN:
SF:routes\userRoutes.js
FNF:0
FNH:0
DA:1,1
DA:2,1
DA:3,1
DA:4,1
DA:5,1
DA:7,1
DA:8,1
DA:9,1
DA:10,1
DA:11,1
DA:12,1
DA:13,1
LF:12
LH:12
BRF:0
BRH:0
end_of_record
